h:\documents\ing3\projetmoteurrendu\projetmoteur\src\debug\vc141.pdb
h:\documents\ing3\projetmoteurrendu\projetmoteur\src\debug\vc141.idb
h:\documents\ing3\projetmoteurrendu\projetmoteur\src\debug\complexsurface.obj
h:\documents\ing3\projetmoteurrendu\projetmoteur\src\debug\coordinatesystem.obj
h:\documents\ing3\projetmoteurrendu\projetmoteur\src\debug\coordspherique.obj
h:\documents\ing3\projetmoteurrendu\projetmoteur\src\debug\cylinder.obj
h:\documents\ing3\projetmoteurrendu\projetmoteur\src\debug\interfacecreationobjet.obj
h:\documents\ing3\projetmoteurrendu\projetmoteur\src\debug\light.obj
h:\documents\ing3\projetmoteurrendu\projetmoteur\src\debug\main.obj
h:\documents\ing3\projetmoteurrendu\projetmoteur\src\debug\matrixc.obj
h:\documents\ing3\projetmoteurrendu\projetmoteur\src\debug\matrixc3.obj
h:\documents\ing3\projetmoteurrendu\projetmoteur\src\debug\matrixc4.obj
h:\documents\ing3\projetmoteurrendu\projetmoteur\src\debug\objectrender.obj
h:\documents\ing3\projetmoteurrendu\projetmoteur\src\debug\openglfunction.obj
h:\documents\ing3\projetmoteurrendu\projetmoteur\src\debug\plan.obj
h:\documents\ing3\projetmoteurrendu\projetmoteur\src\debug\quaternion.obj
h:\documents\ing3\projetmoteurrendu\projetmoteur\src\debug\rectangularprism.obj
h:\documents\ing3\projetmoteurrendu\projetmoteur\src\debug\sphere.obj
h:\documents\ing3\projetmoteurrendu\projetmoteur\src\debug\triangle.obj
h:\documents\ing3\projetmoteurrendu\projetmoteur\src\debug\vector.obj
h:\documents\ing3\projetmoteurrendu\projetmoteur\src\debug\vector3f.obj
h:\documents\ing3\projetmoteurrendu\projetmoteur\src\debug\vector4f.obj
h:\documents\ing3\projetmoteurrendu\projetmoteur\src\debug\angleeuler.obj
h:\documents\ing3\projetmoteurrendu\projetmoteur\src\debug\moteur 3d.ilk
h:\documents\ing3\projetmoteurrendu\projetmoteur\src\debug\moteur 3d.exe
h:\documents\ing3\projetmoteurrendu\projetmoteur\src\debug\moteur 3d.pdb
h:\documents\ing3\projetmoteurrendu\projetmoteur\src\debug\moteur 3d.tlog\cl.command.1.tlog
h:\documents\ing3\projetmoteurrendu\projetmoteur\src\debug\moteur 3d.tlog\cl.read.1.tlog
h:\documents\ing3\projetmoteurrendu\projetmoteur\src\debug\moteur 3d.tlog\cl.write.1.tlog
h:\documents\ing3\projetmoteurrendu\projetmoteur\src\debug\moteur 3d.tlog\link.command.1.tlog
h:\documents\ing3\projetmoteurrendu\projetmoteur\src\debug\moteur 3d.tlog\link.read.1.tlog
h:\documents\ing3\projetmoteurrendu\projetmoteur\src\debug\moteur 3d.tlog\link.write.1.tlog
